2013-09-23T08:33:17+00:00 DEBUG (7): Type: drop_down for [5119]
2013-09-23T08:33:17+00:00 DEBUG (7): 33674
2013-09-23T08:33:17+00:00 DEBUG (7): Mage_Catalog_Model_Product_Option_Value
2013-09-23T08:33:17+00:00 DEBUG (7): Type: radio for [5117]
2013-09-23T08:33:17+00:00 DEBUG (7): 33664
2013-09-23T08:33:17+00:00 DEBUG (7): Mage_Catalog_Model_Product_Option_Value
2013-09-23T08:33:17+00:00 DEBUG (7): Type: drop_down for [5116]
2013-09-23T08:33:17+00:00 DEBUG (7): 33629
2013-09-23T08:33:17+00:00 DEBUG (7): Mage_Catalog_Model_Product_Option_Value
2013-09-23T08:33:17+00:00 DEBUG (7): Type: drop_down for [5114]
2013-09-23T08:33:17+00:00 DEBUG (7): 33621
2013-09-23T08:33:17+00:00 DEBUG (7): Mage_Catalog_Model_Product_Option_Value
2013-09-23T08:33:17+00:00 DEBUG (7): Type: drop_down for [5113]
2013-09-23T08:33:17+00:00 DEBUG (7): 33603
2013-09-23T08:33:17+00:00 DEBUG (7): Mage_Catalog_Model_Product_Option_Value
2013-09-23T08:33:17+00:00 DEBUG (7): Type: drop_down for [5112]
2013-09-23T08:33:17+00:00 DEBUG (7): 33583
2013-09-23T08:33:17+00:00 DEBUG (7): Mage_Catalog_Model_Product_Option_Value
2013-09-23T08:33:17+00:00 DEBUG (7): Type: drop_down for [5111]
2013-09-23T08:33:17+00:00 DEBUG (7): 33564
2013-09-23T08:33:17+00:00 DEBUG (7): Mage_Catalog_Model_Product_Option_Value
2013-09-23T08:33:17+00:00 DEBUG (7): Type: drop_down for [5109]
2013-09-23T08:33:17+00:00 DEBUG (7): 33547
2013-09-23T08:33:17+00:00 DEBUG (7): Mage_Catalog_Model_Product_Option_Value
2013-09-23T08:33:17+00:00 DEBUG (7): Type: drop_down for [5108]
2013-09-23T08:33:17+00:00 DEBUG (7): 33541
2013-09-23T08:33:17+00:00 DEBUG (7): Mage_Catalog_Model_Product_Option_Value
2013-09-23T08:33:17+00:00 DEBUG (7): Type: drop_down for [5107]
2013-09-23T08:33:17+00:00 DEBUG (7): 33525
2013-09-23T08:33:17+00:00 DEBUG (7): Mage_Catalog_Model_Product_Option_Value
2013-09-23T08:33:17+00:00 DEBUG (7): Type: drop_down for [5106]
2013-09-23T08:33:17+00:00 DEBUG (7): 33507
2013-09-23T08:33:17+00:00 DEBUG (7): Mage_Catalog_Model_Product_Option_Value
2013-09-23T08:33:17+00:00 DEBUG (7): Type: drop_down for [5105]
2013-09-23T08:33:17+00:00 DEBUG (7): 33491
2013-09-23T08:33:17+00:00 DEBUG (7): Mage_Catalog_Model_Product_Option_Value
2013-09-23T08:33:17+00:00 DEBUG (7): Type: checkbox for [5103]
2013-09-23T08:33:17+00:00 DEBUG (7): 33472,33473
2013-09-23T08:33:17+00:00 DEBUG (7): 
